INFO  | 2016-12-23 06:55:13 | [TestNG] IntegrationTest.WebShopSignInTest (WebShopSignInTest.java:31) - Browser invoked!!
INFO  | 2016-12-23 06:55:16 | [TestNG] IntegrationTest.WebShopSignInTest (WebShopSignInTest.java:43) - Entered UserName and Password
INFO  | 2016-12-23 06:55:16 | [TestNG] IntegrationTest.WebShopSignInTest (WebShopSignInTest.java:51) - AssertFailure
INFO  | 2016-12-23 06:55:17 | [TestNG] IntegrationTest.WebShopSignInTest (WebShopSignInTest.java:60) - Browser Closed!!
INFO  | 2016-12-23 06:57:09 | [TestNG] IntegrationTest.WebShopSignInTest (WebShopSignInTest.java:31) - Browser invoked!!
INFO  | 2016-12-23 06:57:11 | [TestNG] IntegrationTest.WebShopSignInTest (WebShopSignInTest.java:43) - Entered UserName and Password
INFO  | 2016-12-23 06:57:33 | [TestNG] IntegrationTest.WebShopSignInTest (WebShopSignInTest.java:49) - AssertSuccess
INFO  | 2016-12-23 06:57:40 | [TestNG] IntegrationTest.WebShopSignInTest (WebShopSignInTest.java:61) - Browser Closed!!
INFO  | 2016-12-23 07:18:08 | [TestNG] IntegrationTest.WebShopSignInTest3 (WebShopSignInTest3.java:31) - Browser invoked!!
INFO  | 2016-12-23 07:18:09 | [TestNG] IntegrationTest.WebShopSignInTest (WebShopSignInTest.java:31) - Browser invoked!!
INFO  | 2016-12-23 07:18:12 | [TestNG] IntegrationTest.WebShopSignInTest3 (WebShopSignInTest3.java:43) - Entered UserName and Password
INFO  | 2016-12-23 07:18:12 | [TestNG] IntegrationTest.WebShopSignInTest (WebShopSignInTest.java:43) - Entered UserName and Password
INFO  | 2016-12-23 07:18:12 | [TestNG] IntegrationTest.WebShopSignInTest (WebShopSignInTest.java:52) - AssertFailure
INFO  | 2016-12-23 07:18:14 | [TestNG] IntegrationTest.WebShopSignInTest3 (WebShopSignInTest3.java:49) - AssertSuccess
INFO  | 2016-12-23 07:18:15 | [TestNG] IntegrationTest.WebShopSignInTest (WebShopSignInTest.java:61) - Browser Closed!!
INFO  | 2016-12-23 07:18:15 | [TestNG] IntegrationTest.WebShopSignInTest3 (WebShopSignInTest3.java:61) - Browser Closed!!
INFO  | 2016-12-23 07:35:00 | [TestNG] IntegrationTest.WebShopSignInTest3 (WebShopSignInTest3.java:31) - Browser invoked!!
INFO  | 2016-12-23 07:35:01 | [TestNG] IntegrationTest.WebShopSignInTest (WebShopSignInTest.java:31) - Browser invoked!!
INFO  | 2016-12-23 07:35:04 | [TestNG] IntegrationTest.WebShopSignInTest (WebShopSignInTest.java:43) - Entered UserName and Password
INFO  | 2016-12-23 07:35:04 | [TestNG] IntegrationTest.WebShopSignInTest (WebShopSignInTest.java:52) - AssertFailure
INFO  | 2016-12-23 07:35:05 | [TestNG] IntegrationTest.WebShopSignInTest3 (WebShopSignInTest3.java:43) - Entered UserName and Password
INFO  | 2016-12-23 07:35:05 | [TestNG] IntegrationTest.WebShopSignInTest3 (WebShopSignInTest3.java:49) - AssertSuccess
INFO  | 2016-12-23 07:35:06 | [TestNG] IntegrationTest.WebShopSignInTest (WebShopSignInTest.java:61) - Browser Closed!!
INFO  | 2016-12-23 07:35:06 | [TestNG] IntegrationTest.WebShopSignInTest3 (WebShopSignInTest3.java:61) - Browser Closed!!
INFO  | 2016-12-23 07:37:31 | [TestNG] IntegrationTest.WebShopSignInTest3 (WebShopSignInTest3.java:31) - Browser invoked!!
INFO  | 2016-12-23 07:37:31 | [TestNG] IntegrationTest.WebShopSignInTest (WebShopSignInTest.java:31) - Browser invoked!!
INFO  | 2016-12-23 07:37:35 | [TestNG] IntegrationTest.WebShopSignInTest (WebShopSignInTest.java:43) - Entered UserName and Password
INFO  | 2016-12-23 07:37:35 | [TestNG] IntegrationTest.WebShopSignInTest (WebShopSignInTest.java:52) - AssertFailure
INFO  | 2016-12-23 07:37:36 | [TestNG] IntegrationTest.WebShopSignInTest3 (WebShopSignInTest3.java:43) - Entered UserName and Password
INFO  | 2016-12-23 07:37:36 | [TestNG] IntegrationTest.WebShopSignInTest3 (WebShopSignInTest3.java:49) - AssertSuccess
INFO  | 2016-12-23 07:37:37 | [TestNG] IntegrationTest.WebShopSignInTest (WebShopSignInTest.java:61) - Browser Closed!!
INFO  | 2016-12-23 07:37:37 | [TestNG] IntegrationTest.WebShopSignInTest3 (WebShopSignInTest3.java:61) - Browser Closed!!
INFO  | 2016-12-23 07:44:05 | [TestNG] IntegrationTest.WebShopSignInTest3 (WebShopSignInTest3.java:31) - Browser invoked!!
INFO  | 2016-12-23 07:44:05 | [TestNG] IntegrationTest.WebShopSignInTest (WebShopSignInTest.java:31) - Browser invoked!!
INFO  | 2016-12-23 07:44:08 | [TestNG] IntegrationTest.WebShopSignInTest (WebShopSignInTest.java:43) - Entered UserName and Password
INFO  | 2016-12-23 07:44:08 | [TestNG] IntegrationTest.WebShopSignInTest (WebShopSignInTest.java:52) - AssertFailure
INFO  | 2016-12-23 07:44:09 | [TestNG] IntegrationTest.WebShopSignInTest3 (WebShopSignInTest3.java:43) - Entered UserName and Password
INFO  | 2016-12-23 07:44:10 | [TestNG] IntegrationTest.WebShopSignInTest3 (WebShopSignInTest3.java:49) - AssertSuccess
INFO  | 2016-12-23 07:44:10 | [TestNG] IntegrationTest.WebShopSignInTest (WebShopSignInTest.java:61) - Browser Closed!!
INFO  | 2016-12-23 07:44:11 | [TestNG] IntegrationTest.WebShopSignInTest3 (WebShopSignInTest3.java:61) - Browser Closed!!
INFO  | 2016-12-23 07:48:04 | [TestNG] IntegrationTest.WebShopSignInTest3 (WebShopSignInTest3.java:31) - Browser invoked!!
INFO  | 2016-12-23 07:48:04 | [TestNG] IntegrationTest.WebShopSignInTest (WebShopSignInTest.java:31) - Browser invoked!!
INFO  | 2016-12-23 07:48:08 | [TestNG] IntegrationTest.WebShopSignInTest (WebShopSignInTest.java:43) - Entered UserName and Password
INFO  | 2016-12-23 07:48:08 | [TestNG] IntegrationTest.WebShopSignInTest (WebShopSignInTest.java:52) - AssertFailure
INFO  | 2016-12-23 07:48:08 | [TestNG] IntegrationTest.WebShopSignInTest3 (WebShopSignInTest3.java:43) - Entered UserName and Password
INFO  | 2016-12-23 07:48:08 | [TestNG] IntegrationTest.WebShopSignInTest3 (WebShopSignInTest3.java:49) - AssertSuccess
INFO  | 2016-12-23 07:48:09 | [TestNG] IntegrationTest.WebShopSignInTest3 (WebShopSignInTest3.java:61) - Browser Closed!!
INFO  | 2016-12-23 07:48:10 | [TestNG] IntegrationTest.WebShopSignInTest (WebShopSignInTest.java:61) - Browser Closed!!
INFO  | 2016-12-23 08:30:22 | [TestNG] IntegrationTest.WebShopSignInTest3 (WebShopSignInTest3.java:31) - Browser invoked!!
INFO  | 2016-12-23 08:30:22 | [TestNG] IntegrationTest.WebShopSignInTest (WebShopSignInTest.java:31) - Browser invoked!!
INFO  | 2016-12-23 08:30:25 | [TestNG] IntegrationTest.WebShopSignInTest (WebShopSignInTest.java:43) - Entered UserName and Password
INFO  | 2016-12-23 08:30:25 | [TestNG] IntegrationTest.WebShopSignInTest (WebShopSignInTest.java:52) - AssertFailure
INFO  | 2016-12-23 08:30:26 | [TestNG] IntegrationTest.WebShopSignInTest3 (WebShopSignInTest3.java:43) - Entered UserName and Password
INFO  | 2016-12-23 08:30:27 | [TestNG] IntegrationTest.WebShopSignInTest3 (WebShopSignInTest3.java:49) - AssertSuccess
INFO  | 2016-12-23 08:30:27 | [TestNG] IntegrationTest.WebShopSignInTest (WebShopSignInTest.java:61) - Browser Closed!!
INFO  | 2016-12-23 08:30:28 | [TestNG] IntegrationTest.WebShopSignInTest3 (WebShopSignInTest3.java:61) - Browser Closed!!
INFO  | 2016-12-23 21:40:31 | [TestNG] IntegrationTest.WebShopSignInTest3 (WebShopSignInTest3.java:31) - Browser invoked!!
INFO  | 2016-12-23 21:40:31 | [TestNG] IntegrationTest.WebShopSignInTest (WebShopSignInTest.java:31) - Browser invoked!!
INFO  | 2016-12-23 21:40:33 | [TestNG] IntegrationTest.WebShopSignInTest (WebShopSignInTest.java:43) - Entered UserName and Password
INFO  | 2016-12-23 21:40:33 | [TestNG] IntegrationTest.WebShopSignInTest (WebShopSignInTest.java:52) - AssertFailure
INFO  | 2016-12-23 21:40:34 | [TestNG] IntegrationTest.WebShopSignInTest3 (WebShopSignInTest3.java:43) - Entered UserName and Password
INFO  | 2016-12-23 21:40:34 | [TestNG] IntegrationTest.WebShopSignInTest3 (WebShopSignInTest3.java:49) - AssertSuccess
INFO  | 2016-12-23 21:40:35 | [TestNG] IntegrationTest.WebShopSignInTest (WebShopSignInTest.java:61) - Browser Closed!!
INFO  | 2016-12-23 21:40:35 | [TestNG] IntegrationTest.WebShopSignInTest3 (WebShopSignInTest3.java:61) - Browser Closed!!
INFO  | 2016-12-23 21:41:07 | [TestNG] IntegrationTest.WebShopSignInTest3 (WebShopSignInTest3.java:31) - Browser invoked!!
INFO  | 2016-12-23 21:41:07 | [TestNG] IntegrationTest.WebShopSignInTest (WebShopSignInTest.java:31) - Browser invoked!!
INFO  | 2016-12-23 21:41:09 | [TestNG] IntegrationTest.WebShopSignInTest (WebShopSignInTest.java:43) - Entered UserName and Password
INFO  | 2016-12-23 21:41:09 | [TestNG] IntegrationTest.WebShopSignInTest (WebShopSignInTest.java:52) - AssertFailure
INFO  | 2016-12-23 21:41:09 | [TestNG] IntegrationTest.WebShopSignInTest3 (WebShopSignInTest3.java:43) - Entered UserName and Password
INFO  | 2016-12-23 21:41:09 | [TestNG] IntegrationTest.WebShopSignInTest3 (WebShopSignInTest3.java:49) - AssertSuccess
INFO  | 2016-12-23 21:41:10 | [TestNG] IntegrationTest.WebShopSignInTest3 (WebShopSignInTest3.java:61) - Browser Closed!!
INFO  | 2016-12-23 21:41:10 | [TestNG] IntegrationTest.WebShopSignInTest (WebShopSignInTest.java:61) - Browser Closed!!
INFO  | 2016-12-23 22:44:22 | [TestNG] IntegrationTest.WebShopSignInTest3 (WebShopSignInTest3.java:31) - Browser invoked!!
INFO  | 2016-12-23 22:44:23 | [TestNG] IntegrationTest.WebShopSignInTest (WebShopSignInTest.java:31) - Browser invoked!!
INFO  | 2016-12-23 22:44:26 | [TestNG] IntegrationTest.WebShopSignInTest (WebShopSignInTest.java:43) - Entered UserName and Password
INFO  | 2016-12-23 22:44:26 | [TestNG] IntegrationTest.WebShopSignInTest (WebShopSignInTest.java:52) - AssertFailure
INFO  | 2016-12-23 22:44:27 | [TestNG] IntegrationTest.WebShopSignInTest (WebShopSignInTest.java:61) - Browser Closed!!
INFO  | 2016-12-23 22:44:27 | [TestNG] IntegrationTest.WebShopSignInTest3 (WebShopSignInTest3.java:43) - Entered UserName and Password
INFO  | 2016-12-23 22:44:28 | [TestNG] IntegrationTest.WebShopSignInTest3 (WebShopSignInTest3.java:49) - AssertSuccess
INFO  | 2016-12-23 22:44:29 | [TestNG] IntegrationTest.WebShopSignInTest3 (WebShopSignInTest3.java:61) - Browser Closed!!
INFO  | 2016-12-24 08:49:29 | [TestNG] IntegrationTest.WebShopSignInTest3 (WebShopSignInTest3.java:31) - Browser invoked!!
INFO  | 2016-12-24 08:49:29 | [TestNG] IntegrationTest.WebShopSignInTest (WebShopSignInTest.java:31) - Browser invoked!!
INFO  | 2016-12-24 08:49:30 | [TestNG] IntegrationTest.WebShopSignInTest (WebShopSignInTest.java:43) - Entered UserName and Password
INFO  | 2016-12-24 08:49:31 | [TestNG] IntegrationTest.WebShopSignInTest (WebShopSignInTest.java:52) - AssertFailure
INFO  | 2016-12-24 08:49:32 | [TestNG] IntegrationTest.WebShopSignInTest (WebShopSignInTest.java:61) - Browser Closed!!
INFO  | 2016-12-24 08:49:32 | [TestNG] IntegrationTest.WebShopSignInTest3 (WebShopSignInTest3.java:43) - Entered UserName and Password
INFO  | 2016-12-24 08:49:32 | [TestNG] IntegrationTest.WebShopSignInTest3 (WebShopSignInTest3.java:49) - AssertSuccess
INFO  | 2016-12-24 08:49:33 | [TestNG] IntegrationTest.WebShopSignInTest3 (WebShopSignInTest3.java:61) - Browser Closed!!
INFO  | 2016-12-24 08:50:20 | [TestNG] IntegrationTest.WebShopSignInTest3 (WebShopSignInTest3.java:31) - Browser invoked!!
INFO  | 2016-12-24 08:50:20 | [TestNG] IntegrationTest.WebShopSignInTest (WebShopSignInTest.java:31) - Browser invoked!!
INFO  | 2016-12-24 08:50:22 | [TestNG] IntegrationTest.WebShopSignInTest (WebShopSignInTest.java:43) - Entered UserName and Password
INFO  | 2016-12-24 08:50:22 | [TestNG] IntegrationTest.WebShopSignInTest (WebShopSignInTest.java:52) - AssertFailure
INFO  | 2016-12-24 08:50:22 | [TestNG] IntegrationTest.WebShopSignInTest3 (WebShopSignInTest3.java:43) - Entered UserName and Password
INFO  | 2016-12-24 08:50:22 | [TestNG] IntegrationTest.WebShopSignInTest3 (WebShopSignInTest3.java:49) - AssertSuccess
INFO  | 2016-12-24 08:50:23 | [TestNG] IntegrationTest.WebShopSignInTest (WebShopSignInTest.java:61) - Browser Closed!!
INFO  | 2016-12-24 08:50:23 | [TestNG] IntegrationTest.WebShopSignInTest3 (WebShopSignInTest3.java:61) - Browser Closed!!
INFO  | 2016-12-28 15:26:31 | [TestNG] IntegrationTest.WebShopSignInTest3 (WebShopSignInTest3.java:31) - Browser invoked!!
INFO  | 2016-12-28 15:26:31 | [TestNG] IntegrationTest.WebShopSignInTest (WebShopSignInTest.java:31) - Browser invoked!!
INFO  | 2016-12-28 15:26:33 | [TestNG] IntegrationTest.WebShopSignInTest (WebShopSignInTest.java:43) - Entered UserName and Password
INFO  | 2016-12-28 15:26:33 | [TestNG] IntegrationTest.WebShopSignInTest (WebShopSignInTest.java:52) - AssertFailure
INFO  | 2016-12-28 15:26:34 | [TestNG] IntegrationTest.WebShopSignInTest3 (WebShopSignInTest3.java:43) - Entered UserName and Password
INFO  | 2016-12-28 15:26:34 | [TestNG] IntegrationTest.WebShopSignInTest3 (WebShopSignInTest3.java:49) - AssertSuccess
INFO  | 2016-12-28 15:26:35 | [TestNG] IntegrationTest.WebShopSignInTest3 (WebShopSignInTest3.java:61) - Browser Closed!!
INFO  | 2016-12-28 15:26:35 | [TestNG] IntegrationTest.WebShopSignInTest (WebShopSignInTest.java:61) - Browser Closed!!
INFO  | 2016-12-29 17:46:09 | [TestNG] IntegrationTest.WebShopSignInTest (WebShopSignInTest.java:65) - Browser Closed!!
INFO  | 2016-12-29 17:47:45 | [TestNG] IntegrationTest.WebShopSignInTest (WebShopSignInTest.java:65) - Browser Closed!!
INFO  | 2016-12-29 17:48:56 | [TestNG] IntegrationTest.WebShopSignInTest (WebShopSignInTest.java:65) - Browser Closed!!
INFO  | 2016-12-29 17:52:40 | [TestNG] IntegrationTest.WebShopSignInTest (WebShopSignInTest.java:65) - Browser Closed!!
INFO  | 2016-12-29 17:54:36 | [TestNG] IntegrationTest.WebShopSignInTest (WebShopSignInTest.java:65) - Browser Closed!!
INFO  | 2016-12-29 17:54:37 | [TestNG] IntegrationTest.WebShopSignInTest3 (WebShopSignInTest3.java:51) - Browser Closed!!
INFO  | 2016-12-29 17:55:45 | [TestNG] IntegrationTest.WebShopSignInTest3 (WebShopSignInTest3.java:51) - Browser Closed!!
INFO  | 2016-12-29 17:55:45 | [TestNG] IntegrationTest.WebShopSignInTest (WebShopSignInTest.java:59) - Browser Closed!!
INFO  | 2016-12-29 18:02:27 | [TestNG] IntegrationTest.WebShopSignInTest (WebShopSignInTest.java:59) - Browser Closed!!
INFO  | 2016-12-29 18:02:27 | [TestNG] IntegrationTest.WebShopSignInTest3 (WebShopSignInTest3.java:51) - Browser Closed!!
INFO  | 2016-12-29 18:02:29 | [TestNG] IntegrationTest.WebShopSignInTest2 (WebShopSignInTest2.java:51) - Browser Closed!!
INFO  | 2016-12-29 18:02:29 | [TestNG] IntegrationTest.WebShopSignInTest4 (WebShopSignInTest4.java:50) - Browser Closed!!
INFO  | 2016-12-29 18:03:34 | [TestNG] IntegrationTest.WebShopSignInTest3 (WebShopSignInTest3.java:51) - Browser Closed!!
INFO  | 2016-12-29 18:03:34 | [TestNG] IntegrationTest.WebShopSignInTest (WebShopSignInTest.java:59) - Browser Closed!!
INFO  | 2016-12-29 18:03:35 | [TestNG] IntegrationTest.WebShopSignInTest4 (WebShopSignInTest4.java:50) - Browser Closed!!
INFO  | 2016-12-29 18:03:35 | [TestNG] IntegrationTest.WebShopSignInTest2 (WebShopSignInTest2.java:51) - Browser Closed!!
INFO  | 2016-12-30 01:04:51 | [TestNG] IntegrationTest.WebShopSignInTest3 (WebShopSignInTest3.java:51) - Browser Closed!!
INFO  | 2016-12-30 01:34:59 | [TestNG] IntegrationTest.WebShopSignInTest (WebShopSignInTest.java:59) - Browser Closed!!
INFO  | 2016-12-30 13:06:15 | [main] IntegrationTest.WebShopSignInTest3 (WebShopSignInTest3.java:31) - Browser invoked!!
INFO  | 2016-12-30 13:06:22 | [pool-3-thread-1] IntegrationTest.WebShopSignInTest3 (WebShopSignInTest3.java:43) - Entered UserName and Password
INFO  | 2016-12-30 13:06:22 | [pool-3-thread-1] IntegrationTest.WebShopSignInTest3 (WebShopSignInTest3.java:49) - AssertSuccess
INFO  | 2016-12-30 13:06:26 | [main] IntegrationTest.WebShopSignInTest3 (WebShopSignInTest3.java:61) - Browser Closed!!
INFO  | 2016-12-30 13:08:25 | [main] IntegrationTest.WebShopSignInTest (WebShopSignInTest.java:31) - Browser invoked!!
INFO  | 2016-12-30 13:08:27 | [pool-2-thread-1] IntegrationTest.WebShopSignInTest (WebShopSignInTest.java:43) - Entered UserName and Password
INFO  | 2016-12-30 13:08:27 | [pool-2-thread-1] IntegrationTest.WebShopSignInTest (WebShopSignInTest.java:52) - AssertFailure
INFO  | 2016-12-30 13:08:31 | [main] IntegrationTest.WebShopSignInTest (WebShopSignInTest.java:61) - Browser Closed!!
INFO  | 2016-12-30 13:08:32 | [main] IntegrationTest.WebShopSignInTest3 (WebShopSignInTest3.java:31) - Browser invoked!!
INFO  | 2016-12-30 13:08:36 | [pool-3-thread-1] IntegrationTest.WebShopSignInTest3 (WebShopSignInTest3.java:43) - Entered UserName and Password
INFO  | 2016-12-30 13:08:36 | [pool-3-thread-1] IntegrationTest.WebShopSignInTest3 (WebShopSignInTest3.java:49) - AssertSuccess
INFO  | 2016-12-30 13:08:40 | [main] IntegrationTest.WebShopSignInTest3 (WebShopSignInTest3.java:61) - Browser Closed!!
INFO  | 2016-12-30 13:11:10 | [main] IntegrationTest.WebShopSignInTest (WebShopSignInTest.java:31) - Browser invoked!!
INFO  | 2016-12-30 13:11:12 | [pool-2-thread-1] IntegrationTest.WebShopSignInTest (WebShopSignInTest.java:43) - Entered UserName and Password
INFO  | 2016-12-30 13:11:12 | [pool-2-thread-1] IntegrationTest.WebShopSignInTest (WebShopSignInTest.java:52) - AssertFailure
INFO  | 2016-12-30 13:11:16 | [main] IntegrationTest.WebShopSignInTest (WebShopSignInTest.java:61) - Browser Closed!!
INFO  | 2016-12-30 13:11:17 | [main] IntegrationTest.WebShopSignInTest3 (WebShopSignInTest3.java:31) - Browser invoked!!
INFO  | 2016-12-30 13:11:21 | [pool-3-thread-1] IntegrationTest.WebShopSignInTest3 (WebShopSignInTest3.java:43) - Entered UserName and Password
INFO  | 2016-12-30 13:11:21 | [pool-3-thread-1] IntegrationTest.WebShopSignInTest3 (WebShopSignInTest3.java:49) - AssertSuccess
INFO  | 2016-12-30 13:11:25 | [main] IntegrationTest.WebShopSignInTest3 (WebShopSignInTest3.java:61) - Browser Closed!!
INFO  | 2016-12-30 13:13:52 | [main] IntegrationTest.WebShopSignInTest (WebShopSignInTest.java:31) - Browser invoked!!
INFO  | 2016-12-30 13:13:53 | [main] IntegrationTest.WebShopSignInTest2 (WebShopSignInTest2.java:31) - Browser invoked!!
INFO  | 2016-12-30 13:13:55 | [pool-2-thread-2] IntegrationTest.WebShopSignInTest2 (WebShopSignInTest2.java:43) - Entered UserName and Password
INFO  | 2016-12-30 13:13:56 | [pool-2-thread-2] IntegrationTest.WebShopSignInTest2 (WebShopSignInTest2.java:52) - AssertFailure
INFO  | 2016-12-30 13:13:56 | [pool-2-thread-1] IntegrationTest.WebShopSignInTest (WebShopSignInTest.java:43) - Entered UserName and Password
INFO  | 2016-12-30 13:13:56 | [pool-2-thread-1] IntegrationTest.WebShopSignInTest (WebShopSignInTest.java:52) - AssertFailure
INFO  | 2016-12-30 13:14:05 | [main] IntegrationTest.WebShopSignInTest (WebShopSignInTest.java:61) - Browser Closed!!
INFO  | 2016-12-30 13:14:09 | [main] IntegrationTest.WebShopSignInTest2 (WebShopSignInTest2.java:61) - Browser Closed!!
INFO  | 2016-12-30 13:14:10 | [main] IntegrationTest.WebShopSignInTest3 (WebShopSignInTest3.java:31) - Browser invoked!!
INFO  | 2016-12-30 13:14:11 | [main] IntegrationTest.WebShopSignInTest4 (WebShopSignInTest4.java:31) - Browser invoked!!
INFO  | 2016-12-30 13:14:15 | [pool-3-thread-2] IntegrationTest.WebShopSignInTest4 (WebShopSignInTest4.java:43) - Entered UserName and Password
INFO  | 2016-12-30 13:14:15 | [pool-3-thread-1] IntegrationTest.WebShopSignInTest3 (WebShopSignInTest3.java:43) - Entered UserName and Password
INFO  | 2016-12-30 13:14:15 | [pool-3-thread-2] IntegrationTest.WebShopSignInTest4 (WebShopSignInTest4.java:49) - AssertSuccess
INFO  | 2016-12-30 13:14:15 | [pool-3-thread-1] IntegrationTest.WebShopSignInTest3 (WebShopSignInTest3.java:49) - AssertSuccess
INFO  | 2016-12-30 13:14:19 | [main] IntegrationTest.WebShopSignInTest3 (WebShopSignInTest3.java:61) - Browser Closed!!
INFO  | 2016-12-30 13:14:25 | [main] IntegrationTest.WebShopSignInTest4 (WebShopSignInTest4.java:61) - Browser Closed!!
INFO  | 2016-12-30 13:20:07 | [main] IntegrationTest.WebShopSignInTest (WebShopSignInTest.java:31) - Browser invoked!!
INFO  | 2016-12-30 13:20:10 | [main] IntegrationTest.WebShopSignInTest2 (WebShopSignInTest2.java:31) - Browser invoked!!
INFO  | 2016-12-30 13:20:11 | [pool-2-thread-1] IntegrationTest.WebShopSignInTest (WebShopSignInTest.java:43) - Entered UserName and Password
INFO  | 2016-12-30 13:20:11 | [pool-2-thread-1] IntegrationTest.WebShopSignInTest (WebShopSignInTest.java:52) - AssertFailure
INFO  | 2016-12-30 13:20:12 | [pool-2-thread-2] IntegrationTest.WebShopSignInTest2 (WebShopSignInTest2.java:43) - Entered UserName and Password
INFO  | 2016-12-30 13:20:12 | [pool-2-thread-2] IntegrationTest.WebShopSignInTest2 (WebShopSignInTest2.java:52) - AssertFailure
INFO  | 2016-12-30 13:20:15 | [main] IntegrationTest.WebShopSignInTest (WebShopSignInTest.java:61) - Browser Closed!!
INFO  | 2016-12-30 13:20:19 | [main] IntegrationTest.WebShopSignInTest2 (WebShopSignInTest2.java:61) - Browser Closed!!
INFO  | 2016-12-30 13:20:20 | [main] IntegrationTest.WebShopSignInTest3 (WebShopSignInTest3.java:31) - Browser invoked!!
INFO  | 2016-12-30 13:20:21 | [main] IntegrationTest.WebShopSignInTest4 (WebShopSignInTest4.java:31) - Browser invoked!!
INFO  | 2016-12-30 13:20:25 | [pool-3-thread-2] IntegrationTest.WebShopSignInTest4 (WebShopSignInTest4.java:43) - Entered UserName and Password
INFO  | 2016-12-30 13:20:25 | [pool-3-thread-1] IntegrationTest.WebShopSignInTest3 (WebShopSignInTest3.java:43) - Entered UserName and Password
INFO  | 2016-12-30 13:20:25 | [pool-3-thread-2] IntegrationTest.WebShopSignInTest4 (WebShopSignInTest4.java:49) - AssertSuccess
INFO  | 2016-12-30 13:20:25 | [pool-3-thread-1] IntegrationTest.WebShopSignInTest3 (WebShopSignInTest3.java:49) - AssertSuccess
INFO  | 2016-12-30 13:20:28 | [main] IntegrationTest.WebShopSignInTest3 (WebShopSignInTest3.java:61) - Browser Closed!!
INFO  | 2016-12-30 13:20:32 | [main] IntegrationTest.WebShopSignInTest4 (WebShopSignInTest4.java:61) - Browser Closed!!
INFO  | 2016-12-30 13:22:12 | [main] IntegrationTest.WebShopSignInTest (WebShopSignInTest.java:31) - Browser invoked!!
INFO  | 2016-12-30 13:22:14 | [main] IntegrationTest.WebShopSignInTest2 (WebShopSignInTest2.java:31) - Browser invoked!!
INFO  | 2016-12-30 13:22:16 | [pool-2-thread-2] IntegrationTest.WebShopSignInTest2 (WebShopSignInTest2.java:43) - Entered UserName and Password
INFO  | 2016-12-30 13:22:16 | [pool-2-thread-1] IntegrationTest.WebShopSignInTest (WebShopSignInTest.java:43) - Entered UserName and Password
INFO  | 2016-12-30 13:22:16 | [pool-2-thread-2] IntegrationTest.WebShopSignInTest2 (WebShopSignInTest2.java:52) - AssertFailure
INFO  | 2016-12-30 13:22:16 | [pool-2-thread-1] IntegrationTest.WebShopSignInTest (WebShopSignInTest.java:52) - AssertFailure
INFO  | 2016-12-30 13:22:20 | [main] IntegrationTest.WebShopSignInTest (WebShopSignInTest.java:61) - Browser Closed!!
INFO  | 2016-12-30 13:22:24 | [main] IntegrationTest.WebShopSignInTest2 (WebShopSignInTest2.java:61) - Browser Closed!!
INFO  | 2016-12-30 13:22:25 | [main] IntegrationTest.WebShopSignInTest3 (WebShopSignInTest3.java:31) - Browser invoked!!
INFO  | 2016-12-30 13:22:26 | [main] IntegrationTest.WebShopSignInTest4 (WebShopSignInTest4.java:31) - Browser invoked!!
INFO  | 2016-12-30 13:22:30 | [pool-3-thread-1] IntegrationTest.WebShopSignInTest3 (WebShopSignInTest3.java:43) - Entered UserName and Password
INFO  | 2016-12-30 13:22:30 | [pool-3-thread-2] IntegrationTest.WebShopSignInTest4 (WebShopSignInTest4.java:43) - Entered UserName and Password
INFO  | 2016-12-30 13:22:30 | [pool-3-thread-1] IntegrationTest.WebShopSignInTest3 (WebShopSignInTest3.java:49) - AssertSuccess
INFO  | 2016-12-30 13:22:30 | [pool-3-thread-2] IntegrationTest.WebShopSignInTest4 (WebShopSignInTest4.java:49) - AssertSuccess
INFO  | 2016-12-30 13:22:34 | [main] IntegrationTest.WebShopSignInTest3 (WebShopSignInTest3.java:61) - Browser Closed!!
INFO  | 2016-12-30 13:22:38 | [main] IntegrationTest.WebShopSignInTest4 (WebShopSignInTest4.java:61) - Browser Closed!!
